[32m[I 2020-11-14 05:35:52,771][0m A new study created in memory with name: no-name-84a0b8c1-5dcb-4cf6-86b9-1481a89dc0fe[0m
/home/paperspace/CBO_RL/RL_Optimization.py:350: UserWarning:

To copy construct from a tensor, it is recommended to use sourceTensor.clone().detach() or sourceTensor.clone().detach().requires_grad_(True), rather than torch.tensor(sourceTensor).

Epoch:   0%|          | 0/1 [00:00<?, ?it/s]Batch:   0%|          | 0/999 [00:00<?, ?it/s]/home/paperspace/.local/lib/python3.6/site-packages/torch/autograd/__init__.py:132: UserWarning:

CUDA initialization: Found no NVIDIA driver on your system. Please check that you have an NVIDIA GPU and installed a driver from http://www.nvidia.com/Download/index.aspx (Triggered internally at  /pytorch/c10/cuda/CUDAFunctions.cpp:100.)

