Epoch:   0%|          | 0/1 [00:00<?, ?it/s]Batch:   0%|          | 0/999 [00:00<?, ?it/s]Batch:   0%|          | 1/999 [00:00<08:49,  1.88it/s]Batch:   0%|          | 2/999 [00:00<08:29,  1.96it/s]Batch:   0%|          | 3/999 [00:01<08:01,  2.07it/s]Batch:   0%|          | 4/999 [00:01<07:40,  2.16it/s]Batch:   1%|          | 5/999 [00:02<07:24,  2.24it/s]Batch:   1%|          | 6/999 [00:02<07:11,  2.30it/s]Batch:   1%|          | 7/999 [00:03<07:12,  2.29it/s]Batch:   1%|          | 8/999 [00:03<07:19,  2.26it/s]Batch:   1%|          | 9/999 [00:03<07:06,  2.32it/s]Batch:   1%|          | 10/999 [00:04<07:02,  2.34it/s]Batch:   1%|          | 11/999 [00:04<07:00,  2.35it/s]Batch:   1%|          | 12/999 [00:05<06:57,  2.36it/s]Batch:   1%|▏         | 13/999 [00:05<06:52,  2.39it/s]Batch:   1%|▏         | 14/999 [00:06<06:48,  2.41it/s]Batch:   2%|▏         | 15/999 [00:06<06:47,  2.42it/s]Batch:   2%|▏         | 16/999 [00:07<07:39,  2.14it/s]Batch:   2%|▏         | 17/999 [00:07<08:55,  1.83it/s]Batch:   2%|▏         | 18/999 [00:08<09:20,  1.75it/s]Batch:   2%|▏         | 19/999 [00:08<09:12,  1.77it/s]Batch:   2%|▏         | 20/999 [00:09<08:53,  1.84it/s]Batch:   2%|▏         | 21/999 [00:09<08:29,  1.92it/s]Batch:   2%|▏         | 22/999 [00:10<08:23,  1.94it/s]Batch:   2%|▏         | 23/999 [00:10<07:51,  2.07it/s]Batch:   2%|▏         | 24/999 [00:11<07:30,  2.17it/s]Batch:   3%|▎         | 25/999 [00:11<07:48,  2.08it/s]Batch:   3%|▎         | 26/999 [00:12<07:25,  2.18it/s]Batch:   3%|▎         | 27/999 [00:12<07:10,  2.26it/s]Batch:   3%|▎         | 28/999 [00:12<06:58,  2.32it/s]Batch:   3%|▎         | 29/999 [00:13<06:52,  2.35it/s]Batch:   3%|▎         | 30/999 [00:13<06:47,  2.38it/s]Batch:   3%|▎         | 31/999 [00:14<06:43,  2.40it/s]Batch:   3%|▎         | 32/999 [00:14<06:46,  2.38it/s]Batch:   3%|▎         | 33/999 [00:15<07:03,  2.28it/s]Batch:   3%|▎         | 34/999 [00:15<07:01,  2.29it/s]Batch:   4%|▎         | 35/999 [00:16<07:33,  2.12it/s]Batch:   4%|▎         | 36/999 [00:16<07:48,  2.06it/s]Batch:   4%|▎         | 37/999 [00:17<07:58,  2.01it/s]Batch:   4%|▍         | 38/999 [00:17<08:25,  1.90it/s]Batch:   4%|▍         | 39/999 [00:18<08:29,  1.88it/s]Batch:   4%|▍         | 40/999 [00:18<08:30,  1.88it/s]Batch:   4%|▍         | 41/999 [00:19<08:04,  1.98it/s]Batch:   4%|▍         | 42/999 [00:19<07:38,  2.09it/s]Batch:   4%|▍         | 43/999 [00:20<07:18,  2.18it/s]Batch:   4%|▍         | 44/999 [00:20<07:02,  2.26it/s]Batch:   5%|▍         | 45/999 [00:20<06:53,  2.31it/s]Batch:   5%|▍         | 46/999 [00:21<06:46,  2.34it/s]Batch:   5%|▍         | 47/999 [00:21<06:42,  2.37it/s]Batch:   5%|▍         | 48/999 [00:22<06:59,  2.26it/s]Batch:   5%|▍         | 49/999 [00:22<08:05,  1.96it/s]Batch:   5%|▌         | 50/999 [00:23<07:42,  2.05it/s]Batch:   5%|▌         | 51/999 [00:23<07:14,  2.18it/s]Batch:   5%|▌         | 52/999 [00:24<07:32,  2.09it/s]Batch:   5%|▌         | 53/999 [00:24<07:56,  1.98it/s]Batch:   5%|▌         | 54/999 [00:25<08:04,  1.95it/s]Batch:   6%|▌         | 55/999 [00:25<07:41,  2.05it/s]Batch:   6%|▌         | 56/999 [00:26<07:20,  2.14it/s]Batch:   6%|▌         | 57/999 [00:26<07:42,  2.04it/s]Batch:   6%|▌         | 58/999 [00:27<08:16,  1.89it/s]Batch:   6%|▌         | 59/999 [00:27<07:43,  2.03it/s]Batch:   6%|▌         | 60/999 [00:28<07:23,  2.12it/s]Batch:   6%|▌         | 61/999 [00:28<07:08,  2.19it/s]Batch:   6%|▌         | 62/999 [00:29<07:01,  2.22it/s]Batch:   6%|▋         | 63/999 [00:29<07:41,  2.03it/s]Batch:   6%|▋         | 64/999 [00:30<07:32,  2.06it/s]Batch:   7%|▋         | 65/999 [00:30<07:59,  1.95it/s]Batch:   7%|▋         | 66/999 [00:31<08:11,  1.90it/s]Batch:   7%|▋         | 67/999 [00:31<09:01,  1.72it/s]Batch:   7%|▋         | 68/999 [00:32<09:11,  1.69it/s]Batch:   7%|▋         | 69/999 [00:33<09:09,  1.69it/s]Batch:   7%|▋         | 70/999 [00:33<08:20,  1.86it/s]Batch:   7%|▋         | 71/999 [00:33<07:49,  1.98it/s]Batch:   7%|▋         | 72/999 [00:34<07:25,  2.08it/s]Batch:   7%|▋         | 73/999 [00:34<07:35,  2.03it/s]Batch:   7%|▋         | 74/999 [00:35<07:11,  2.14it/s]Batch:   8%|▊         | 75/999 [00:35<07:05,  2.17it/s]Batch:   8%|▊         | 76/999 [00:36<06:57,  2.21it/s]Batch:   8%|▊         | 77/999 [00:36<07:17,  2.11it/s]Batch:   8%|▊         | 78/999 [00:37<07:31,  2.04it/s]Batch:   8%|▊         | 79/999 [00:37<07:41,  1.99it/s]Batch:   8%|▊         | 80/999 [00:38<07:11,  2.13it/s]Batch:   8%|▊         | 81/999 [00:38<06:54,  2.22it/s]Batch:   8%|▊         | 82/999 [00:39<06:47,  2.25it/s]Batch:   8%|▊         | 83/999 [00:39<06:33,  2.33it/s]Batch:   8%|▊         | 84/999 [00:39<06:43,  2.27it/s]Batch:   9%|▊         | 85/999 [00:40<06:45,  2.25it/s]Batch:   9%|▊         | 86/999 [00:40<06:57,  2.19it/s]Batch:   9%|▊         | 87/999 [00:41<06:42,  2.27it/s]Batch:   9%|▉         | 88/999 [00:41<06:28,  2.34it/s]Batch:   9%|▉         | 89/999 [00:42<06:46,  2.24it/s]Batch:   9%|▉         | 90/999 [00:42<07:06,  2.13it/s]Batch:   9%|▉         | 91/999 [00:43<06:48,  2.22it/s]Batch:   9%|▉         | 92/999 [00:43<06:35,  2.29it/s]Batch:   9%|▉         | 93/999 [00:43<06:31,  2.31it/s]Batch:   9%|▉         | 94/999 [00:44<07:32,  2.00it/s]Batch:  10%|▉         | 95/999 [00:45<08:22,  1.80it/s]Batch:  10%|▉         | 96/999 [00:45<07:43,  1.95it/s]Batch:  10%|▉         | 97/999 [00:46<07:12,  2.08it/s]Batch:  10%|▉         | 98/999 [00:46<06:49,  2.20it/s]Batch:  10%|▉         | 99/999 [00:46<06:47,  2.21it/s]Batch:  10%|█         | 100/999 [00:47<06:42,  2.23it/s]Batch:  10%|█         | 101/999 [00:47<06:32,  2.29it/s]Batch:  10%|█         | 102/999 [00:48<06:24,  2.33it/s]Batch:  10%|█         | 103/999 [00:48<06:26,  2.32it/s]Batch:  10%|█         | 104/999 [00:48<06:21,  2.35it/s]Batch:  11%|█         | 105/999 [00:49<06:14,  2.38it/s]Batch:  11%|█         | 106/999 [00:49<06:11,  2.40it/s]Batch:  11%|█         | 107/999 [00:50<06:06,  2.43it/s]Batch:  11%|█         | 108/999 [00:50<06:22,  2.33it/s]Batch:  11%|█         | 109/999 [00:51<06:40,  2.22it/s]Batch:  11%|█         | 110/999 [00:51<07:05,  2.09it/s]Batch:  11%|█         | 111/999 [00:52<07:41,  1.92it/s]Batch:  11%|█         | 112/999 [00:52<07:42,  1.92it/s]Batch:  11%|█▏        | 113/999 [00:53<07:11,  2.05it/s]Batch:  11%|█▏        | 114/999 [00:53<06:48,  2.17it/s]Batch:  12%|█▏        | 115/999 [00:54<06:54,  2.13it/s]Batch:  12%|█▏        | 116/999 [00:54<08:02,  1.83it/s]Batch:  12%|█▏        | 117/999 [00:55<07:28,  1.97it/s]Batch:  12%|█▏        | 118/999 [00:55<06:56,  2.12it/s]Batch:  12%|█▏        | 119/999 [00:56<06:33,  2.23it/s]Batch:  12%|█▏        | 120/999 [00:56<06:21,  2.30it/s]Batch:  12%|█▏        | 121/999 [00:56<06:13,  2.35it/s]Batch:  12%|█▏        | 122/999 [00:57<06:06,  2.39it/s]Batch:  12%|█▏        | 123/999 [00:57<06:01,  2.42it/s]Batch:  12%|█▏        | 124/999 [00:58<06:03,  2.41it/s]Batch:  13%|█▎        | 125/999 [00:58<06:14,  2.34it/s]Batch:  13%|█▎        | 126/999 [00:58<06:20,  2.29it/s]Batch:  13%|█▎        | 127/999 [00:59<06:13,  2.34it/s]Batch:  13%|█▎        | 128/999 [00:59<06:13,  2.33it/s]Batch:  13%|█▎        | 129/999 [01:00<06:09,  2.35it/s]Batch:  13%|█▎        | 130/999 [01:00<06:06,  2.37it/s]Batch:  13%|█▎        | 131/999 [01:01<06:04,  2.38it/s]Batch:  13%|█▎        | 132/999 [01:01<06:00,  2.41it/s]Batch:  13%|█▎        | 133/999 [01:01<05:59,  2.41it/s]Batch:  13%|█▎        | 134/999 [01:02<05:54,  2.44it/s]Batch:  14%|█▎        | 135/999 [01:02<06:06,  2.36it/s]Batch:  14%|█▎        | 136/999 [01:03<06:13,  2.31it/s]Batch:  14%|█▎        | 137/999 [01:03<06:01,  2.38it/s]Batch:  14%|█▍        | 138/999 [01:03<05:55,  2.42it/s]Batch:  14%|█▍        | 139/999 [01:04<05:53,  2.43it/s]Batch:  14%|█▍        | 140/999 [01:04<06:06,  2.34it/s]Batch:  14%|█▍        | 141/999 [01:05<06:00,  2.38it/s]Batch:  14%|█▍        | 142/999 [01:05<05:55,  2.41it/s]Batch:  14%|█▍        | 143/999 [01:06<05:52,  2.43it/s]Batch:  14%|█▍        | 144/999 [01:06<05:50,  2.44it/s]Batch:  15%|█▍        | 145/999 [01:06<06:05,  2.34it/s]Batch:  15%|█▍        | 146/999 [01:07<06:07,  2.32it/s]Batch:  15%|█▍        | 147/999 [01:07<06:02,  2.35it/s]Batch:  15%|█▍        | 148/999 [01:08<06:02,  2.35it/s]Batch:  15%|█▍        | 149/999 [01:08<06:00,  2.36it/s]Batch:  15%|█▌        | 150/999 [01:09<06:00,  2.35it/s]Batch:  15%|█▌        | 151/999 [01:09<05:58,  2.36it/s]Batch:  15%|█▌        | 152/999 [01:09<05:57,  2.37it/s]Batch:  15%|█▌        | 153/999 [01:10<05:53,  2.39it/s]Batch:  15%|█▌        | 154/999 [01:10<05:54,  2.39it/s]Batch:  16%|█▌        | 155/999 [01:11<05:58,  2.35it/s]Batch:  16%|█▌        | 156/999 [01:11<06:01,  2.33it/s]Batch:  16%|█▌        | 157/999 [01:12<06:07,  2.29it/s]Batch:  16%|█▌        | 158/999 [01:12<06:00,  2.33it/s]Batch:  16%|█▌        | 159/999 [01:12<05:56,  2.36it/s]Batch:  16%|█▌        | 160/999 [01:13<05:53,  2.38it/s]Batch:  16%|█▌        | 161/999 [01:14<07:22,  1.89it/s]Batch:  16%|█▌        | 162/999 [01:14<06:57,  2.01it/s]Batch:  16%|█▋        | 163/999 [01:14<06:38,  2.10it/s]Batch:  16%|█▋        | 164/999 [01:15<06:19,  2.20it/s]Batch:  17%|█▋        | 165/999 [01:15<06:18,  2.20it/s]Batch:  17%|█▋        | 166/999 [01:16<06:05,  2.28it/s]Batch:  17%|█▋        | 167/999 [01:16<05:56,  2.33it/s]Batch:  17%|█▋        | 168/999 [01:17<05:50,  2.37it/s]Batch:  17%|█▋        | 169/999 [01:17<06:45,  2.05it/s]Batch:  17%|█▋        | 170/999 [01:18<07:27,  1.85it/s]Batch:  17%|█▋        | 171/999 [01:18<07:35,  1.82it/s]Batch:  17%|█▋        | 172/999 [01:19<07:04,  1.95it/s]Batch:  17%|█▋        | 173/999 [01:19<06:44,  2.04it/s]Batch:  17%|█▋        | 174/999 [01:20<06:27,  2.13it/s]Batch:  18%|█▊        | 175/999 [01:20<06:19,  2.17it/s]Batch:  18%|█▊        | 176/999 [01:21<07:10,  1.91it/s]Batch:  18%|█▊        | 177/999 [01:22<08:19,  1.65it/s]Batch:  18%|█▊        | 178/999 [01:22<08:53,  1.54it/s]Batch:  18%|█▊        | 179/999 [01:23<09:20,  1.46it/s]Batch:  18%|█▊        | 180/999 [01:24<08:57,  1.52it/s]Batch:  18%|█▊        | 181/999 [01:24<08:08,  1.67it/s]Batch:  18%|█▊        | 182/999 [01:25<07:20,  1.86it/s]Batch:  18%|█▊        | 183/999 [01:25<06:55,  1.97it/s]Batch:  18%|█▊        | 184/999 [01:25<06:31,  2.08it/s]Batch:  19%|█▊        | 185/999 [01:26<06:31,  2.08it/s]Batch:  19%|█▊        | 186/999 [01:26<06:50,  1.98it/s]Batch:  19%|█▊        | 187/999 [01:27<06:39,  2.03it/s]Batch:  19%|█▉        | 188/999 [01:27<06:35,  2.05it/s]Batch:  19%|█▉        | 189/999 [01:28<07:47,  1.73it/s]Batch:  19%|█▉        | 190/999 [01:29<07:09,  1.88it/s]Batch:  19%|█▉        | 191/999 [01:29<06:57,  1.93it/s]Batch:  19%|█▉        | 192/999 [01:30<06:33,  2.05it/s]Batch:  19%|█▉        | 193/999 [01:30<06:22,  2.10it/s]Batch:  19%|█▉        | 194/999 [01:30<06:11,  2.17it/s]Batch:  20%|█▉        | 195/999 [01:31<05:58,  2.24it/s]Batch:  20%|█▉        | 196/999 [01:31<05:52,  2.28it/s]Batch:  20%|█▉        | 197/999 [01:32<05:48,  2.30it/s]Batch:  20%|█▉        | 198/999 [01:32<05:46,  2.31it/s]Batch:  20%|█▉        | 199/999 [01:32<05:41,  2.34it/s]Batch:  20%|██        | 200/999 [01:33<05:41,  2.34it/s]Batch:  20%|██        | 201/999 [01:33<05:45,  2.31it/s]Batch:  20%|██        | 202/999 [01:34<05:38,  2.36it/s]Batch:  20%|██        | 203/999 [01:34<05:34,  2.38it/s]Batch:  20%|██        | 204/999 [01:35<05:31,  2.40it/s]Batch:  21%|██        | 205/999 [01:35<05:40,  2.33it/s]Batch:  21%|██        | 206/999 [01:35<05:39,  2.33it/s]Batch:  21%|██        | 207/999 [01:36<05:37,  2.35it/s]Batch:  21%|██        | 208/999 [01:36<05:38,  2.33it/s]Batch:  21%|██        | 209/999 [01:37<05:35,  2.35it/s]Batch:  21%|██        | 210/999 [01:37<05:32,  2.37it/s]Batch:  21%|██        | 211/999 [01:38<05:31,  2.37it/s]Batch:  21%|██        | 212/999 [01:38<05:39,  2.32it/s]Batch:  21%|██▏       | 213/999 [01:38<05:40,  2.31it/s]Batch:  21%|██▏       | 214/999 [01:39<05:37,  2.32it/s]Batch:  22%|██▏       | 215/999 [01:39<05:35,  2.33it/s]Batch:  22%|██▏       | 216/999 [01:40<05:51,  2.23it/s]Batch:  22%|██▏       | 217/999 [01:40<05:46,  2.26it/s]Batch:  22%|██▏       | 218/999 [01:41<05:42,  2.28it/s]Batch:  22%|██▏       | 219/999 [01:41<05:34,  2.33it/s]Batch:  22%|██▏       | 220/999 [01:41<05:32,  2.34it/s]Batch:  22%|██▏       | 221/999 [01:42<05:25,  2.39it/s]Batch:  22%|██▏       | 222/999 [01:42<05:21,  2.41it/s]Batch:  22%|██▏       | 223/999 [01:43<05:20,  2.42it/s]Batch:  22%|██▏       | 224/999 [01:43<05:17,  2.44it/s]Batch:  23%|██▎       | 225/999 [01:44<05:16,  2.45it/s]Batch:  23%|██▎       | 226/999 [01:44<05:13,  2.46it/s]Batch:  23%|██▎       | 227/999 [01:44<05:13,  2.46it/s]Batch:  23%|██▎       | 228/999 [01:45<05:13,  2.46it/s]Batch:  23%|██▎       | 229/999 [01:45<05:17,  2.43it/s]Batch:  23%|██▎       | 230/999 [01:46<05:31,  2.32it/s]Batch:  23%|██▎       | 231/999 [01:46<05:39,  2.26it/s]Batch:  23%|██▎       | 232/999 [01:47<05:37,  2.27it/s]Batch:  23%|██▎       | 233/999 [01:47<05:37,  2.27it/s]Batch:  23%|██▎       | 234/999 [01:47<05:34,  2.29it/s]Batch:  24%|██▎       | 235/999 [01:48<05:32,  2.30it/s]Batch:  24%|██▎       | 236/999 [01:48<05:49,  2.18it/s]Batch:  24%|██▎       | 237/999 [01:49<06:11,  2.05it/s]Batch:  24%|██▍       | 238/999 [01:49<06:13,  2.04it/s]Batch:  24%|██▍       | 239/999 [01:50<06:14,  2.03it/s]Batch:  24%|██▍       | 240/999 [01:50<06:03,  2.09it/s]Batch:  24%|██▍       | 241/999 [01:51<05:47,  2.18it/s]Batch:  24%|██▍       | 242/999 [01:51<05:44,  2.20it/s]Batch:  24%|██▍       | 243/999 [01:52<05:37,  2.24it/s]Batch:  24%|██▍       | 244/999 [01:52<05:35,  2.25it/s]Batch:  25%|██▍       | 245/999 [01:52<05:29,  2.29it/s]Batch:  25%|██▍       | 246/999 [01:53<05:50,  2.15it/s]Batch:  25%|██▍       | 247/999 [01:53<05:36,  2.23it/s]Batch:  25%|██▍       | 248/999 [01:54<05:27,  2.30it/s]Batch:  25%|██▍       | 249/999 [01:54<05:40,  2.20it/s]Batch:  25%|██▌       | 250/999 [01:55<05:35,  2.23it/s]Batch:  25%|██▌       | 251/999 [01:55<05:26,  2.29it/s]Batch:  25%|██▌       | 252/999 [01:56<05:20,  2.33it/s]Batch:  25%|██▌       | 253/999 [01:56<05:15,  2.37it/s]Batch:  25%|██▌       | 254/999 [01:56<05:10,  2.40it/s]Batch:  26%|██▌       | 255/999 [01:57<05:06,  2.42it/s]Batch:  26%|██▌       | 256/999 [01:57<05:05,  2.44it/s]Batch:  26%|██▌       | 257/999 [01:58<05:06,  2.42it/s]Batch:  26%|██▌       | 258/999 [01:58<04:59,  2.47it/s]Batch:  26%|██▌       | 259/999 [01:58<04:58,  2.48it/s]Batch:  26%|██▌       | 260/999 [01:59<04:57,  2.48it/s]Batch:  26%|██▌       | 261/999 [01:59<05:08,  2.40it/s]Batch:  26%|██▌       | 262/999 [02:00<05:07,  2.39it/s]Batch:  26%|██▋       | 263/999 [02:00<05:07,  2.40it/s]Batch:  26%|██▋       | 264/999 [02:01<05:21,  2.29it/s]Batch:  27%|██▋       | 265/999 [02:01<05:19,  2.30it/s]Batch:  27%|██▋       | 266/999 [02:01<05:23,  2.26it/s]Batch:  27%|██▋       | 267/999 [02:02<05:19,  2.29it/s]Batch:  27%|██▋       | 268/999 [02:02<05:24,  2.25it/s]Batch:  27%|██▋       | 269/999 [02:03<05:19,  2.28it/s]Batch:  27%|██▋       | 270/999 [02:03<05:02,  2.41it/s]Batch:  27%|██▋       | 271/999 [02:04<04:53,  2.48it/s]Batch:  27%|██▋       | 272/999 [02:04<05:06,  2.37it/s]Batch:  27%|██▋       | 273/999 [02:04<05:17,  2.28it/s]Batch:  27%|██▋       | 274/999 [02:05<05:18,  2.28it/s]Batch:  28%|██▊       | 275/999 [02:05<05:21,  2.25it/s]Batch:  28%|██▊       | 276/999 [02:06<05:22,  2.24it/s]Batch:  28%|██▊       | 277/999 [02:06<05:20,  2.25it/s]Batch:  28%|██▊       | 278/999 [02:07<05:18,  2.26it/s]Batch:  28%|██▊       | 279/999 [02:07<05:19,  2.25it/s]Batch:  28%|██▊       | 280/999 [02:08<05:10,  2.31it/s]Batch:  28%|██▊       | 281/999 [02:08<04:55,  2.43it/s]Batch:  28%|██▊       | 282/999 [02:08<04:41,  2.55it/s]Batch:  28%|██▊       | 283/999 [02:09<04:31,  2.64it/s]Batch:  28%|██▊       | 284/999 [02:09<04:21,  2.74it/s]Batch:  29%|██▊       | 285/999 [02:09<04:19,  2.75it/s]Batch:  29%|██▊       | 286/999 [02:10<04:17,  2.76it/s]Batch:  29%|██▊       | 287/999 [02:10<04:14,  2.80it/s]Batch:  29%|██▉       | 288/999 [02:10<04:13,  2.80it/s]Batch:  29%|██▉       | 289/999 [02:11<04:12,  2.81it/s]Batch:  29%|██▉       | 290/999 [02:11<04:14,  2.79it/s]Batch:  29%|██▉       | 291/999 [02:12<04:33,  2.59it/s]Batch:  29%|██▉       | 292/999 [02:12<05:17,  2.23it/s]Batch:  29%|██▉       | 293/999 [02:13<05:16,  2.23it/s]Batch:  29%|██▉       | 294/999 [02:13<05:10,  2.27it/s]Batch:  30%|██▉       | 295/999 [02:13<05:12,  2.25it/s]Batch:  30%|██▉       | 296/999 [02:14<05:02,  2.32it/s]Batch:  30%|██▉       | 297/999 [02:14<04:55,  2.37it/s]Batch:  30%|██▉       | 298/999 [02:15<05:05,  2.29it/s]Batch:  30%|██▉       | 299/999 [02:15<05:23,  2.16it/s]Batch:  30%|███       | 300/999 [02:16<05:19,  2.19it/s]Batch:  30%|███       | 301/999 [02:16<05:09,  2.26it/s]Batch:  30%|███       | 302/999 [02:16<05:02,  2.30it/s]Batch:  30%|███       | 303/999 [02:17<04:57,  2.34it/s]Batch:  30%|███       | 304/999 [02:17<04:52,  2.38it/s]Batch:  31%|███       | 305/999 [02:18<04:49,  2.40it/s]Batch:  31%|███       | 306/999 [02:18<04:49,  2.39it/s]Batch:  31%|███       | 307/999 [02:19<04:54,  2.35it/s]Batch:  31%|███       | 308/999 [02:19<04:51,  2.37it/s]Batch:  31%|███       | 309/999 [02:19<04:52,  2.36it/s]Batch:  31%|███       | 310/999 [02:20<04:58,  2.31it/s]Batch:  31%|███       | 311/999 [02:20<05:12,  2.20it/s]Batch:  31%|███       | 312/999 [02:21<05:02,  2.27it/s]Batch:  31%|███▏      | 313/999 [02:21<04:59,  2.29it/s]Batch:  31%|███▏      | 314/999 [02:22<04:56,  2.31it/s]Batch:  32%|███▏      | 315/999 [02:22<04:50,  2.36it/s]Batch:  32%|███▏      | 316/999 [02:22<04:53,  2.32it/s]Batch:  32%|███▏      | 317/999 [02:23<04:50,  2.35it/s]Batch:  32%|███▏      | 318/999 [02:23<04:50,  2.34it/s]Batch:  32%|███▏      | 319/999 [02:24<04:51,  2.33it/s]Batch:  32%|███▏      | 320/999 [02:24<05:02,  2.25it/s]Batch:  32%|███▏      | 321/999 [02:25<04:57,  2.28it/s]Batch:  32%|███▏      | 322/999 [02:25<04:58,  2.27it/s]Batch:  32%|███▏      | 323/999 [02:26<05:01,  2.24it/s]Batch:  32%|███▏      | 324/999 [02:26<04:55,  2.28it/s]Batch:  33%|███▎      | 325/999 [02:26<04:59,  2.25it/s]Batch:  33%|███▎      | 326/999 [02:27<04:52,  2.30it/s]Batch:  33%|███▎      | 327/999 [02:27<04:59,  2.24it/s]Batch:  33%|███▎      | 328/999 [02:28<04:53,  2.29it/s]Batch:  33%|███▎      | 329/999 [02:28<04:48,  2.32it/s]Batch:  33%|███▎      | 330/999 [02:29<05:15,  2.12it/s]Batch:  33%|███▎      | 331/999 [02:29<05:33,  2.00it/s]Batch:  33%|███▎      | 332/999 [02:30<05:17,  2.10it/s]Batch:  33%|███▎      | 333/999 [02:30<05:05,  2.18it/s]Batch:  33%|███▎      | 334/999 [02:31<04:58,  2.22it/s]Batch:  34%|███▎      | 335/999 [02:31<04:54,  2.26it/s]Batch:  34%|███▎      | 336/999 [02:31<04:57,  2.23it/s]Batch:  34%|███▎      | 337/999 [02:32<04:56,  2.24it/s]Batch:  34%|███▍      | 338/999 [02:32<04:59,  2.20it/s]Batch:  34%|███▍      | 339/999 [02:33<05:02,  2.18it/s]Batch:  34%|███▍      | 340/999 [02:33<05:05,  2.16it/s]Batch:  34%|███▍      | 341/999 [02:34<04:55,  2.22it/s]Batch:  34%|███▍      | 342/999 [02:34<04:44,  2.31it/s]Batch:  34%|███▍      | 343/999 [02:35<04:42,  2.32it/s]Batch:  34%|███▍      | 344/999 [02:35<04:40,  2.33it/s]Batch:  35%|███▍      | 345/999 [02:35<04:50,  2.25it/s]Batch:  35%|███▍      | 346/999 [02:36<04:52,  2.23it/s]Batch:  35%|███▍      | 347/999 [02:36<04:49,  2.25it/s]Batch:  35%|███▍      | 348/999 [02:37<04:39,  2.33it/s]Batch:  35%|███▍      | 349/999 [02:37<04:33,  2.38it/s]Batch:  35%|███▌      | 350/999 [02:38<04:56,  2.19it/s]Batch:  35%|███▌      | 351/999 [02:38<05:09,  2.09it/s]Batch:  35%|███▌      | 352/999 [02:39<05:01,  2.15it/s]Batch:  35%|███▌      | 353/999 [02:39<04:54,  2.20it/s]Batch:  35%|███▌      | 354/999 [02:40<04:50,  2.22it/s]Batch:  36%|███▌      | 355/999 [02:40<04:45,  2.25it/s]Batch:  36%|███▌      | 356/999 [02:40<05:03,  2.12it/s]Batch:  36%|███▌      | 357/999 [02:41<05:16,  2.03it/s]Batch:  36%|███▌      | 358/999 [02:41<05:06,  2.09it/s]Batch:  36%|███▌      | 359/999 [02:42<04:53,  2.18it/s]Batch:  36%|███▌      | 360/999 [02:42<04:44,  2.24it/s]Batch:  36%|███▌      | 361/999 [02:43<04:36,  2.31it/s]Batch:  36%|███▌      | 362/999 [02:43<04:48,  2.21it/s]Batch:  36%|███▋      | 363/999 [02:44<04:44,  2.24it/s]Batch:  36%|███▋      | 364/999 [02:44<04:38,  2.28it/s]Batch:  37%|███▋      | 365/999 [02:45<04:50,  2.18it/s]Batch:  37%|███▋      | 366/999 [02:45<05:10,  2.04it/s]Batch:  37%|███▋      | 367/999 [02:46<04:59,  2.11it/s]Batch:  37%|███▋      | 368/999 [02:46<04:47,  2.20it/s]Batch:  37%|███▋      | 369/999 [02:46<04:38,  2.26it/s]Batch:  37%|███▋      | 370/999 [02:47<04:38,  2.26it/s]Batch:  37%|███▋      | 371/999 [02:47<04:46,  2.20it/s]Batch:  37%|███▋      | 372/999 [02:48<04:34,  2.29it/s]Batch:  37%|███▋      | 373/999 [02:48<04:41,  2.22it/s]Batch:  37%|███▋      | 374/999 [02:49<04:32,  2.29it/s]Batch:  38%|███▊      | 375/999 [02:49<04:24,  2.36it/s]Batch:  38%|███▊      | 376/999 [02:50<04:51,  2.14it/s]Batch:  38%|███▊      | 377/999 [02:50<04:39,  2.23it/s]Batch:  38%|███▊      | 378/999 [02:50<04:32,  2.28it/s]Batch:  38%|███▊      | 379/999 [02:51<04:25,  2.33it/s]Batch:  38%|███▊      | 380/999 [02:51<04:22,  2.35it/s]Batch:  38%|███▊      | 381/999 [02:52<04:41,  2.20it/s]Batch:  38%|███▊      | 382/999 [02:52<05:05,  2.02it/s]Batch:  38%|███▊      | 383/999 [02:53<05:21,  1.92it/s]Batch:  38%|███▊      | 384/999 [02:53<05:23,  1.90it/s]Batch:  39%|███▊      | 385/999 [02:54<05:22,  1.90it/s]Batch:  39%|███▊      | 386/999 [02:54<05:24,  1.89it/s]Batch:  39%|█